<?xml version="1.0" encoding="UTF-8"?>
<!-- Generated by org.testng.reporters.JUnitReportReporter -->
<testsuite hostname="Ronaks-MacBook-Pro.local" name="com.sqa.rg.data.DataTest" tests="1" failures="0" timestamp="5 Nov 2016 23:54:22 GMT" time="0.404" errors="0">
  <testcase name="testDatabase" time="0.404" classname="com.sqa.rg.data.DataTest"/>
</testsuite> <!-- com.sqa.rg.data.DataTest -->
